# JRE version: OpenJDK Runtime Environment GraalVM CE 22.3.0 (17.0.5+8) (build 17.0.5+8-jvmci-22.3-b08)
# Java VM: OpenJDK 64-Bit Server VM GraalVM CE 22.3.0 (17.0.5+8-jvmci-22.3-b08, mixed mode, sharing, tiered, jvmci, jvmci compiler, compressed oops, compressed class ptrs, parallel gc, linux-amd64)
GC Precious Log:
 CPUs: 8 total, 1 available
 Memory: 1024M
 Large Page Support: Disabled
 NUMA Support: Disabled
 Compressed Oops: Enabled (32-bit)
 Alignments: Space 512K, Generation 512K, Heap 2M
 Heap Min Capacity: 100M
 Heap Initial Capacity: 100M
 Heap Max Capacity: 512M
 Pre-touch: Disabled
 Parallel Workers: 1
Heap:
 PSYoungGen      total 45568K, used 34304K [0x00000000f5580000, 0x00000000f9400000, 0x0000000100000000)
  eden space 34304K, 100% used [0x00000000f5580000,0x00000000f7700000,0x00000000f7700000)
  from space 11264K, 0% used [0x00000000f8700000,0x00000000f8700000,0x00000000f9200000)
  to   space 14336K, 0% used [0x00000000f7700000,0x00000000f7700000,0x00000000f8500000)
 ParOldGen       total 349696K, used 349696K [0x00000000e0000000, 0x00000000f5580000, 0x00000000f5580000)
  object space 349696K, 100% used [0x00000000e0000000,0x00000000f5580000,0x00000000f5580000)
 Metaspace       used 59065K, committed 60160K, reserved 1105920K
  class space    used 5851K, committed 6272K, reserved 1048576K
GC Heap History (20 events):
Event: 510.714 GC heap before
{Heap before GC invocations=375 (full 281):
 PSYoungGen      total 45568K, used 34303K [0x00000000f5580000, 0x00000000f9400000, 0x0000000100000000)
  eden space 34304K, 99% used [0x00000000f5580000,0x00000000f76fffe0,0x00000000f7700000)
  from space 11264K, 0% used [0x00000000f8700000,0x00000000f8700000,0x00000000f9200000)
  to   space 14336K, 0% used [0x00000000f7700000,0x00000000f7700000,0x00000000f8500000)
 ParOldGen       total 349696K, used 349695K [0x00000000e0000000, 0x00000000f5580000, 0x00000000f5580000)
  object space 349696K, 99% used [0x00000000e0000000,0x00000000f557ffe0,0x00000000f5580000)
 Metaspace       used 59065K, committed 60160K, reserved 1105920K
  class space    used 5851K, committed 6272K, reserved 1048576K
}
Event: 512.146 GC heap after
{Heap after GC invocations=375 (full 281):
 PSYoungGen      total 48640K, used 34303K [0x00000000f5580000, 0x00000000f9400000, 0x0000000100000000)
  eden space 34304K, 99% used [0x00000000f5580000,0x00000000f76fffe0,0x00000000f7700000)
  from space 14336K, 0% used [0x00000000f7700000,0x00000000f7700000,0x00000000f8500000)
  to   space 11264K, 0% used [0x00000000f8700000,0x00000000f8700000,0x00000000f9200000)
 ParOldGen       total 349696K, used 349695K [0x00000000e0000000, 0x00000000f5580000, 0x00000000f5580000)
  object space 349696K, 99% used [0x00000000e0000000,0x00000000f557ffe0,0x00000000f5580000)
 Metaspace       used 59065K, committed 60160K, reserved 1105920K
  class space    used 5851K, committed 6272K, reserved 1048576K
}
Event: 512.146 GC heap before
{Heap before GC invocations=376 (full 282):
 PSYoungGen      total 48640K, used 34303K [0x00000000f5580000, 0x00000000f9400000, 0x0000000100000000)
  eden space 34304K, 99% used [0x00000000f5580000,0x00000000f76fffe0,0x00000000f7700000)
  from space 14336K, 0% used [0x00000000f7700000,0x00000000f7700000,0x00000000f8500000)
  to   space 11264K, 0% used [0x00000000f8700000,0x00000000f8700000,0x00000000f9200000)
 ParOldGen       total 349696K, used 349695K [0x00000000e0000000, 0x00000000f5580000, 0x00000000f5580000)
  object space 349696K, 99% used [0x00000000e0000000,0x00000000f557ffe0,0x00000000f5580000)
 Metaspace       used 59065K, committed 60160K, reserved 1105920K
  class space    used 5851K, committed 6272K, reserved 1048576K
}
Event: 513.444 GC heap after
{Heap after GC invocations=376 (full 282):
 PSYoungGen      total 45568K, used 34303K [0x00000000f5580000, 0x00000000f9400000, 0x0000000100000000)
  eden space 34304K, 99% used [0x00000000f5580000,0x00000000f76fffe0,0x00000000f7700000)
  from space 11264K, 0% used [0x00000000f8700000,0x00000000f8700000,0x00000000f9200000)
  to   space 14336K, 0% used [0x00000000f7700000,0x00000000f7700000,0x00000000f8500000)
 ParOldGen       total 349696K, used 349695K [0x00000000e0000000, 0x00000000f5580000, 0x00000000f5580000)
  object space 349696K, 99% used [0x00000000e0000000,0x00000000f557ffe0,0x00000000f5580000)
 Metaspace       used 59065K, committed 60160K, reserved 1105920K
  class space    used 5851K, committed 6272K, reserved 1048576K
}
Event: 513.447 GC heap before
{Heap before GC invocations=377 (full 283):
 PSYoungGen      total 45568K, used 34304K [0x00000000f5580000, 0x00000000f9400000, 0x0000000100000000)
  eden space 34304K, 100% used [0x00000000f5580000,0x00000000f7700000,0x00000000f7700000)
  from space 11264K, 0% used [0x00000000f8700000,0x00000000f8700000,0x00000000f9200000)
  to   space 14336K, 0% used [0x00000000f7700000,0x00000000f7700000,0x00000000f8500000)
 ParOldGen       total 349696K, used 349696K [0x00000000e0000000, 0x00000000f5580000, 0x00000000f5580000)
  object space 349696K, 100% used [0x00000000e0000000,0x00000000f5580000,0x00000000f5580000)
 Metaspace       used 59065K, committed 60160K, reserved 1105920K
  class space    used 5851K, committed 6272K, reserved 1048576K
}
Event: 515.009 GC heap after
{Heap after GC invocations=377 (full 283):
 PSYoungGen      total 48640K, used 34304K [0x00000000f5580000, 0x00000000f9400000, 0x0000000100000000)
  eden space 34304K, 100% used [0x00000000f5580000,0x00000000f7700000,0x00000000f7700000)
  from space 14336K, 0% used [0x00000000f7700000,0x00000000f7700000,0x00000000f8500000)
  to   space 11264K, 0% used [0x00000000f8700000,0x00000000f8700000,0x00000000f9200000)
 ParOldGen       total 349696K, used 349695K [0x00000000e0000000, 0x00000000f5580000, 0x00000000f5580000)
  object space 349696K, 99% used [0x00000000e0000000,0x00000000f557ffc0,0x00000000f5580000)
 Metaspace       used 59065K, committed 60160K, reserved 1105920K
  class space    used 5851K, committed 6272K, reserved 1048576K
}
Event: 515.009 GC heap before
{Heap before GC invocations=378 (full 284):
 PSYoungGen      total 48640K, used 34304K [0x00000000f5580000, 0x00000000f9400000, 0x0000000100000000)
  eden space 34304K, 100% used [0x00000000f5580000,0x00000000f7700000,0x00000000f7700000)
  from space 14336K, 0% used [0x00000000f7700000,0x00000000f7700000,0x00000000f8500000)
  to   space 11264K, 0% used [0x00000000f8700000,0x00000000f8700000,0x00000000f9200000)
 ParOldGen       total 349696K, used 349695K [0x00000000e0000000, 0x00000000f5580000, 0x00000000f5580000)
  object space 349696K, 99% used [0x00000000e0000000,0x00000000f557fff8,0x00000000f5580000)
 Metaspace       used 59065K, committed 60160K, reserved 1105920K
  class space    used 5851K, committed 6272K, reserved 1048576K
}
Event: 516.418 GC heap after
{Heap after GC invocations=378 (full 284):
 PSYoungGen      total 45568K, used 34304K [0x00000000f5580000, 0x00000000f9400000, 0x0000000100000000)
  eden space 34304K, 100% used [0x00000000f5580000,0x00000000f7700000,0x00000000f7700000)
  from space 11264K, 0% used [0x00000000f8700000,0x00000000f8700000,0x00000000f9200000)
  to   space 14336K, 0% used [0x00000000f7700000,0x00000000f7700000,0x00000000f8500000)
 ParOldGen       total 349696K, used 349695K [0x00000000e0000000, 0x00000000f5580000, 0x00000000f5580000)
  object space 349696K, 99% used [0x00000000e0000000,0x00000000f557ffe8,0x00000000f5580000)
 Metaspace       used 59065K, committed 60160K, reserved 1105920K
  class space    used 5851K, committed 6272K, reserved 1048576K
}
Event: 516.423 GC heap before
{Heap before GC invocations=379 (full 285):
 PSYoungGen      total 45568K, used 34304K [0x00000000f5580000, 0x00000000f9400000, 0x0000000100000000)
  eden space 34304K, 100% used [0x00000000f5580000,0x00000000f7700000,0x00000000f7700000)
  from space 11264K, 0% used [0x00000000f8700000,0x00000000f8700000,0x00000000f9200000)
  to   space 14336K, 0% used [0x00000000f7700000,0x00000000f7700000,0x00000000f8500000)
 ParOldGen       total 349696K, used 349696K [0x00000000e0000000, 0x00000000f5580000, 0x00000000f5580000)
  object space 349696K, 100% used [0x00000000e0000000,0x00000000f5580000,0x00000000f5580000)
 Metaspace       used 59065K, committed 60160K, reserved 1105920K
  class space    used 5851K, committed 6272K, reserved 1048576K
}
Event: 517.863 GC heap after
{Heap after GC invocations=379 (full 285):
 PSYoungGen      total 48640K, used 34304K [0x00000000f5580000, 0x00000000f9400000, 0x0000000100000000)
  eden space 34304K, 100% used [0x00000000f5580000,0x00000000f7700000,0x00000000f7700000)
  from space 14336K, 0% used [0x00000000f7700000,0x00000000f7700000,0x00000000f8500000)
  to   space 11264K, 0% used [0x00000000f8700000,0x00000000f8700000,0x00000000f9200000)
 ParOldGen       total 349696K, used 349696K [0x00000000e0000000, 0x00000000f5580000, 0x00000000f5580000)
  object space 349696K, 100% used [0x00000000e0000000,0x00000000f5580000,0x00000000f5580000)
 Metaspace       used 59065K, committed 60160K, reserved 1105920K
  class space    used 5851K, committed 6272K, reserved 1048576K
}
Event: 517.863 GC heap before
{Heap before GC invocations=380 (full 286):
 PSYoungGen      total 48640K, used 34304K [0x00000000f5580000, 0x00000000f9400000, 0x0000000100000000)
  eden space 34304K, 100% used [0x00000000f5580000,0x00000000f7700000,0x00000000f7700000)
  from space 14336K, 0% used [0x00000000f7700000,0x00000000f7700000,0x00000000f8500000)
  to   space 11264K, 0% used [0x00000000f8700000,0x00000000f8700000,0x00000000f9200000)
 ParOldGen       total 349696K, used 349696K [0x00000000e0000000, 0x00000000f5580000, 0x00000000f5580000)
  object space 349696K, 100% used [0x00000000e0000000,0x00000000f5580000,0x00000000f5580000)
 Metaspace       used 59065K, committed 60160K, reserved 1105920K
  class space    used 5851K, committed 6272K, reserved 1048576K
}
Event: 519.225 GC heap after
{Heap after GC invocations=380 (full 286):
 PSYoungGen      total 45568K, used 34304K [0x00000000f5580000, 0x00000000f9400000, 0x0000000100000000)
  eden space 34304K, 100% used [0x00000000f5580000,0x00000000f7700000,0x00000000f7700000)
  from space 11264K, 0% used [0x00000000f8700000,0x00000000f8700000,0x00000000f9200000)
  to   space 14336K, 0% used [0x00000000f7700000,0x00000000f7700000,0x00000000f8500000)
 ParOldGen       total 349696K, used 349696K [0x00000000e0000000, 0x00000000f5580000, 0x00000000f5580000)
  object space 349696K, 100% used [0x00000000e0000000,0x00000000f5580000,0x00000000f5580000)
 Metaspace       used 59065K, committed 60160K, reserved 1105920K
  class space    used 5851K, committed 6272K, reserved 1048576K
}
Event: 519.231 GC heap before
{Heap before GC invocations=381 (full 287):
 PSYoungGen      total 45568K, used 34304K [0x00000000f5580000, 0x00000000f9400000, 0x0000000100000000)
  eden space 34304K, 100% used [0x00000000f5580000,0x00000000f7700000,0x00000000f7700000)
  from space 11264K, 0% used [0x00000000f8700000,0x00000000f8700000,0x00000000f9200000)
  to   space 14336K, 0% used [0x00000000f7700000,0x00000000f7700000,0x00000000f8500000)
 ParOldGen       total 349696K, used 349696K [0x00000000e0000000, 0x00000000f5580000, 0x00000000f5580000)
  object space 349696K, 100% used [0x00000000e0000000,0x00000000f5580000,0x00000000f5580000)
 Metaspace       used 59065K, committed 60160K, reserved 1105920K
  class space    used 5851K, committed 6272K, reserved 1048576K
}
Event: 520.731 GC heap after
{Heap after GC invocations=381 (full 287):
 PSYoungGen      total 48640K, used 34304K [0x00000000f5580000, 0x00000000f9400000, 0x0000000100000000)
  eden space 34304K, 100% used [0x00000000f5580000,0x00000000f7700000,0x00000000f7700000)
  from space 14336K, 0% used [0x00000000f7700000,0x00000000f7700000,0x00000000f8500000)
  to   space 11264K, 0% used [0x00000000f8700000,0x00000000f8700000,0x00000000f9200000)
 ParOldGen       total 349696K, used 349696K [0x00000000e0000000, 0x00000000f5580000, 0x00000000f5580000)
  object space 349696K, 100% used [0x00000000e0000000,0x00000000f5580000,0x00000000f5580000)
 Metaspace       used 59065K, committed 60160K, reserved 1105920K
  class space    used 5851K, committed 6272K, reserved 1048576K
}
Event: 520.731 GC heap before
{Heap before GC invocations=382 (full 288):
 PSYoungGen      total 48640K, used 34304K [0x00000000f5580000, 0x00000000f9400000, 0x0000000100000000)
  eden space 34304K, 100% used [0x00000000f5580000,0x00000000f7700000,0x00000000f7700000)
  from space 14336K, 0% used [0x00000000f7700000,0x00000000f7700000,0x00000000f8500000)
  to   space 11264K, 0% used [0x00000000f8700000,0x00000000f8700000,0x00000000f9200000)
 ParOldGen       total 349696K, used 349696K [0x00000000e0000000, 0x00000000f5580000, 0x00000000f5580000)
  object space 349696K, 100% used [0x00000000e0000000,0x00000000f5580000,0x00000000f5580000)
 Metaspace       used 59065K, committed 60160K, reserved 1105920K
  class space    used 5851K, committed 6272K, reserved 1048576K
}
Event: 522.045 GC heap after
{Heap after GC invocations=382 (full 288):
 PSYoungGen      total 45568K, used 34304K [0x00000000f5580000, 0x00000000f9400000, 0x0000000100000000)
  eden space 34304K, 100% used [0x00000000f5580000,0x00000000f7700000,0x00000000f7700000)
  from space 11264K, 0% used [0x00000000f8700000,0x00000000f8700000,0x00000000f9200000)
  to   space 14336K, 0% used [0x00000000f7700000,0x00000000f7700000,0x00000000f8500000)
 ParOldGen       total 349696K, used 349696K [0x00000000e0000000, 0x00000000f5580000, 0x00000000f5580000)
  object space 349696K, 100% used [0x00000000e0000000,0x00000000f5580000,0x00000000f5580000)
 Metaspace       used 59065K, committed 60160K, reserved 1105920K
  class space    used 5851K, committed 6272K, reserved 1048576K
}
Event: 522.045 GC heap before
{Heap before GC invocations=383 (full 289):
 PSYoungGen      total 45568K, used 34304K [0x00000000f5580000, 0x00000000f9400000, 0x0000000100000000)
  eden space 34304K, 100% used [0x00000000f5580000,0x00000000f7700000,0x00000000f7700000)
  from space 11264K, 0% used [0x00000000f8700000,0x00000000f8700000,0x00000000f9200000)
  to   space 14336K, 0% used [0x00000000f7700000,0x00000000f7700000,0x00000000f8500000)
 ParOldGen       total 349696K, used 349696K [0x00000000e0000000, 0x00000000f5580000, 0x00000000f5580000)
  object space 349696K, 100% used [0x00000000e0000000,0x00000000f5580000,0x00000000f5580000)
 Metaspace       used 59065K, committed 60160K, reserved 1105920K
  class space    used 5851K, committed 6272K, reserved 1048576K
}
Event: 523.938 GC heap after
{Heap after GC invocations=383 (full 289):
 PSYoungGen      total 48640K, used 34304K [0x00000000f5580000, 0x00000000f9400000, 0x0000000100000000)
  eden space 34304K, 100% used [0x00000000f5580000,0x00000000f7700000,0x00000000f7700000)
  from space 14336K, 0% used [0x00000000f7700000,0x00000000f7700000,0x00000000f8500000)
  to   space 11264K, 0% used [0x00000000f8700000,0x00000000f8700000,0x00000000f9200000)
 ParOldGen       total 349696K, used 349696K [0x00000000e0000000, 0x00000000f5580000, 0x00000000f5580000)
  object space 349696K, 100% used [0x00000000e0000000,0x00000000f5580000,0x00000000f5580000)
 Metaspace       used 59065K, committed 60160K, reserved 1105920K
  class space    used 5851K, committed 6272K, reserved 1048576K
}
Event: 523.938 GC heap before
{Heap before GC invocations=384 (full 290):
 PSYoungGen      total 48640K, used 34304K [0x00000000f5580000, 0x00000000f9400000, 0x0000000100000000)
  eden space 34304K, 100% used [0x00000000f5580000,0x00000000f7700000,0x00000000f7700000)
  from space 14336K, 0% used [0x00000000f7700000,0x00000000f7700000,0x00000000f8500000)
  to   space 11264K, 0% used [0x00000000f8700000,0x00000000f8700000,0x00000000f9200000)
 ParOldGen       total 349696K, used 349696K [0x00000000e0000000, 0x00000000f5580000, 0x00000000f5580000)
  object space 349696K, 100% used [0x00000000e0000000,0x00000000f5580000,0x00000000f5580000)
 Metaspace       used 59065K, committed 60160K, reserved 1105920K
  class space    used 5851K, committed 6272K, reserved 1048576K
}
Event: 525.354 GC heap after
{Heap after GC invocations=384 (full 290):
 PSYoungGen      total 45568K, used 34304K [0x00000000f5580000, 0x00000000f9400000, 0x0000000100000000)
  eden space 34304K, 100% used [0x00000000f5580000,0x00000000f7700000,0x00000000f7700000)
  from space 11264K, 0% used [0x00000000f8700000,0x00000000f8700000,0x00000000f9200000)
  to   space 14336K, 0% used [0x00000000f7700000,0x00000000f7700000,0x00000000f8500000)
 ParOldGen       total 349696K, used 349696K [0x00000000e0000000, 0x00000000f5580000, 0x00000000f5580000)
  object space 349696K, 100% used [0x00000000e0000000,0x00000000f5580000,0x00000000f5580000)
 Metaspace       used 59065K, committed 60160K, reserved 1105920K
  class space    used 5851K, committed 6272K, reserved 1048576K
}

